<?xml version="1.0" encoding="UTF-8"?>
<testng-results skipped="0" failed="0" ignored="0" total="1" passed="1">
  <reporter-output>
  </reporter-output>
  <suite name="Default suite" duration-ms="31" started-at="2017-08-26T18:09:12Z" finished-at="2017-08-26T18:09:12Z">
    <groups>
    </groups>
    <test name="Default test" duration-ms="31" started-at="2017-08-26T18:09:12Z" finished-at="2017-08-26T18:09:12Z">
      <class name="basics.TestngClassForBasicPgms">
        <test-method status="PASS" signature="convertToAscii()[pri:30, instance:basics.TestngClassForBasicPgms@458ad742]" name="convertToAscii" duration-ms="16" started-at="2017-08-26T23:39:12Z" finished-at="2017-08-26T23:39:12Z">
          <reporter-output>
          </reporter-output>
        </test-method> <!-- convertToAscii -->
      </class> <!-- basics.TestngClassForBasicPgms -->
    </test> <!-- Default test -->
  </suite> <!-- Default suite -->
</testng-results>
